0 info it worked if it ends with ok
1 verbose cli [ '/usr/local/bin/node', '/usr/local/bin/npm', 'publish', '.' ]
2 info using npm@1.4.3
3 info using node@v0.10.26
4 verbose publish [ '.' ]
5 verbose cache add [ '.', null ]
6 verbose cache add name=undefined spec="." args=[".",null]
7 verbose parsed url { protocol: null,
7 verbose parsed url   slashes: null,
7 verbose parsed url   auth: null,
7 verbose parsed url   host: null,
7 verbose parsed url   port: null,
7 verbose parsed url   hostname: null,
7 verbose parsed url   hash: null,
7 verbose parsed url   search: null,
7 verbose parsed url   query: null,
7 verbose parsed url   pathname: '.',
7 verbose parsed url   path: '.',
7 verbose parsed url   href: '.' }
8 silly lockFile 3a52ce78- .
9 verbose lock . /home/alethes/.npm/3a52ce78-.lock
10 verbose tar pack [ '/home/alethes/tmp/npm-27327-xlProdCK/1398129730833-0.95247742254287/tmp.tgz',
10 verbose tar pack   '.' ]
11 verbose tarball /home/alethes/tmp/npm-27327-xlProdCK/1398129730833-0.95247742254287/tmp.tgz
12 verbose folder .
13 info prepublish bimap@0.0.1
14 silly lockFile 1f1177db-tar tar://.
15 verbose lock tar://. /home/alethes/.npm/1f1177db-tar.lock
16 silly lockFile 83f6f013-9730833-0-95247742254287-tmp-tgz tar:///home/alethes/tmp/npm-27327-xlProdCK/1398129730833-0.95247742254287/tmp.tgz
17 verbose lock tar:///home/alethes/tmp/npm-27327-xlProdCK/1398129730833-0.95247742254287/tmp.tgz /home/alethes/.npm/83f6f013-9730833-0-95247742254287-tmp-tgz.lock
18 silly lockFile 1f1177db-tar tar://.
19 silly lockFile 1f1177db-tar tar://.
20 silly lockFile 83f6f013-9730833-0-95247742254287-tmp-tgz tar:///home/alethes/tmp/npm-27327-xlProdCK/1398129730833-0.95247742254287/tmp.tgz
21 silly lockFile 83f6f013-9730833-0-95247742254287-tmp-tgz tar:///home/alethes/tmp/npm-27327-xlProdCK/1398129730833-0.95247742254287/tmp.tgz
22 verbose tar unpack /home/alethes/tmp/npm-27327-xlProdCK/1398129730833-0.95247742254287/tmp.tgz
23 silly lockFile 6fa61773-9730833-0-95247742254287-package tar:///home/alethes/tmp/npm-27327-xlProdCK/1398129730833-0.95247742254287/package
24 verbose lock tar:///home/alethes/tmp/npm-27327-xlProdCK/1398129730833-0.95247742254287/package /home/alethes/.npm/6fa61773-9730833-0-95247742254287-package.lock
25 silly lockFile 83f6f013-9730833-0-95247742254287-tmp-tgz tar:///home/alethes/tmp/npm-27327-xlProdCK/1398129730833-0.95247742254287/tmp.tgz
26 verbose lock tar:///home/alethes/tmp/npm-27327-xlProdCK/1398129730833-0.95247742254287/tmp.tgz /home/alethes/.npm/83f6f013-9730833-0-95247742254287-tmp-tgz.lock
27 silly gunzTarPerm modes [ '755', '644' ]
28 silly gunzTarPerm extractEntry package.json
29 silly gunzTarPerm modified mode [ 'package.json', 436, 420 ]
30 silly gunzTarPerm extractEntry .npmignore
31 silly gunzTarPerm modified mode [ '.npmignore', 438, 420 ]
32 silly gunzTarPerm extractEntry README.md
33 silly gunzTarPerm modified mode [ 'README.md', 436, 420 ]
34 silly gunzTarPerm extractEntry Gruntfile.coffee
35 silly gunzTarPerm modified mode [ 'Gruntfile.coffee', 438, 420 ]
36 silly gunzTarPerm extractEntry lib/bimap.js
37 silly gunzTarPerm modified mode [ 'lib/bimap.js', 436, 420 ]
38 silly gunzTarPerm extractEntry src/bimap.coffee
39 silly gunzTarPerm modified mode [ 'src/bimap.coffee', 511, 493 ]
40 silly gunzTarPerm extractEntry test/tests.js
41 silly gunzTarPerm modified mode [ 'test/tests.js', 436, 420 ]
42 silly gunzTarPerm extractEntry test/browser/WebConsole.js
43 silly gunzTarPerm modified mode [ 'test/browser/WebConsole.js', 438, 420 ]
44 silly gunzTarPerm extractEntry test/browser/chai.js
45 silly gunzTarPerm modified mode [ 'test/browser/chai.js', 438, 420 ]
46 silly gunzTarPerm extractEntry test/browser/mocha.js
47 silly gunzTarPerm modified mode [ 'test/browser/mocha.js', 438, 420 ]
48 silly gunzTarPerm extractEntry test/browser/index.html
49 silly gunzTarPerm modified mode [ 'test/browser/index.html', 438, 420 ]
50 silly gunzTarPerm extractEntry test/browser/mocha.css
51 silly gunzTarPerm modified mode [ 'test/browser/mocha.css', 438, 420 ]
52 silly gunzTarPerm extractEntry test/require.coffee
53 silly gunzTarPerm modified mode [ 'test/require.coffee', 438, 420 ]
54 silly gunzTarPerm extractEntry test/src/appendVal.coffee
55 silly gunzTarPerm modified mode [ 'test/src/appendVal.coffee', 438, 420 ]
56 silly gunzTarPerm extractEntry test/src/push.coffee
57 silly gunzTarPerm modified mode [ 'test/src/push.coffee', 438, 420 ]
58 silly gunzTarPerm extractEntry test/src/test.coffee
59 silly gunzTarPerm modified mode [ 'test/src/test.coffee', 438, 420 ]
60 silly gunzTarPerm extractEntry test/src/type.coffee
61 silly gunzTarPerm modified mode [ 'test/src/type.coffee', 438, 420 ]
62 silly lockFile 6fa61773-9730833-0-95247742254287-package tar:///home/alethes/tmp/npm-27327-xlProdCK/1398129730833-0.95247742254287/package
63 silly lockFile 6fa61773-9730833-0-95247742254287-package tar:///home/alethes/tmp/npm-27327-xlProdCK/1398129730833-0.95247742254287/package
64 silly lockFile 83f6f013-9730833-0-95247742254287-tmp-tgz tar:///home/alethes/tmp/npm-27327-xlProdCK/1398129730833-0.95247742254287/tmp.tgz
65 silly lockFile 83f6f013-9730833-0-95247742254287-tmp-tgz tar:///home/alethes/tmp/npm-27327-xlProdCK/1398129730833-0.95247742254287/tmp.tgz
66 verbose tar pack [ '/home/alethes/.npm/bimap/0.0.1/package.tgz',
66 verbose tar pack   '/home/alethes/tmp/npm-27327-xlProdCK/1398129730833-0.95247742254287/package' ]
67 verbose tarball /home/alethes/.npm/bimap/0.0.1/package.tgz
68 verbose folder /home/alethes/tmp/npm-27327-xlProdCK/1398129730833-0.95247742254287/package
69 silly lockFile 6fa61773-9730833-0-95247742254287-package tar:///home/alethes/tmp/npm-27327-xlProdCK/1398129730833-0.95247742254287/package
70 verbose lock tar:///home/alethes/tmp/npm-27327-xlProdCK/1398129730833-0.95247742254287/package /home/alethes/.npm/6fa61773-9730833-0-95247742254287-package.lock
71 silly lockFile bc0c256e-thes-npm-bimap-0-0-1-package-tgz tar:///home/alethes/.npm/bimap/0.0.1/package.tgz
72 verbose lock tar:///home/alethes/.npm/bimap/0.0.1/package.tgz /home/alethes/.npm/bc0c256e-thes-npm-bimap-0-0-1-package-tgz.lock
73 silly lockFile 6fa61773-9730833-0-95247742254287-package tar:///home/alethes/tmp/npm-27327-xlProdCK/1398129730833-0.95247742254287/package
74 silly lockFile 6fa61773-9730833-0-95247742254287-package tar:///home/alethes/tmp/npm-27327-xlProdCK/1398129730833-0.95247742254287/package
75 silly lockFile bc0c256e-thes-npm-bimap-0-0-1-package-tgz tar:///home/alethes/.npm/bimap/0.0.1/package.tgz
76 silly lockFile bc0c256e-thes-npm-bimap-0-0-1-package-tgz tar:///home/alethes/.npm/bimap/0.0.1/package.tgz
77 silly lockFile b52203c1--alethes-npm-bimap-0-0-1-package /home/alethes/.npm/bimap/0.0.1/package
78 verbose lock /home/alethes/.npm/bimap/0.0.1/package /home/alethes/.npm/b52203c1--alethes-npm-bimap-0-0-1-package.lock
79 silly lockFile b52203c1--alethes-npm-bimap-0-0-1-package /home/alethes/.npm/bimap/0.0.1/package
80 silly lockFile b52203c1--alethes-npm-bimap-0-0-1-package /home/alethes/.npm/bimap/0.0.1/package
81 verbose tar unpack /home/alethes/.npm/bimap/0.0.1/package.tgz
82 silly lockFile 6f3b0b2a--alethes-npm-bimap-0-0-1-package tar:///home/alethes/.npm/bimap/0.0.1/package
83 verbose lock tar:///home/alethes/.npm/bimap/0.0.1/package /home/alethes/.npm/6f3b0b2a--alethes-npm-bimap-0-0-1-package.lock
84 silly lockFile bc0c256e-thes-npm-bimap-0-0-1-package-tgz tar:///home/alethes/.npm/bimap/0.0.1/package.tgz
85 verbose lock tar:///home/alethes/.npm/bimap/0.0.1/package.tgz /home/alethes/.npm/bc0c256e-thes-npm-bimap-0-0-1-package-tgz.lock
86 silly gunzTarPerm modes [ '755', '644' ]
87 silly gunzTarPerm extractEntry package.json
88 silly gunzTarPerm extractEntry .npmignore
89 silly gunzTarPerm extractEntry README.md
90 silly gunzTarPerm extractEntry Gruntfile.coffee
91 silly gunzTarPerm extractEntry lib/bimap.js
92 silly gunzTarPerm extractEntry src/bimap.coffee
93 silly gunzTarPerm extractEntry test/tests.js
94 silly gunzTarPerm extractEntry test/browser/WebConsole.js
95 silly gunzTarPerm extractEntry test/browser/chai.js
96 silly gunzTarPerm extractEntry test/browser/mocha.js
97 silly gunzTarPerm extractEntry test/browser/index.html
98 silly gunzTarPerm extractEntry test/browser/mocha.css
99 silly gunzTarPerm extractEntry test/require.coffee
100 silly gunzTarPerm extractEntry test/src/appendVal.coffee
101 silly gunzTarPerm extractEntry test/src/push.coffee
102 silly gunzTarPerm extractEntry test/src/test.coffee
103 silly gunzTarPerm extractEntry test/src/type.coffee
104 silly lockFile 6f3b0b2a--alethes-npm-bimap-0-0-1-package tar:///home/alethes/.npm/bimap/0.0.1/package
105 silly lockFile 6f3b0b2a--alethes-npm-bimap-0-0-1-package tar:///home/alethes/.npm/bimap/0.0.1/package
106 silly lockFile bc0c256e-thes-npm-bimap-0-0-1-package-tgz tar:///home/alethes/.npm/bimap/0.0.1/package.tgz
107 silly lockFile bc0c256e-thes-npm-bimap-0-0-1-package-tgz tar:///home/alethes/.npm/bimap/0.0.1/package.tgz
108 verbose chmod /home/alethes/.npm/bimap/0.0.1/package.tgz 644
109 verbose chown /home/alethes/.npm/bimap/0.0.1/package.tgz [ 1000, 1000 ]
110 silly lockFile 3a52ce78- .
111 silly lockFile 3a52ce78- .
112 silly publish { name: 'bimap',
112 silly publish   version: '0.0.1',
112 silly publish   description: 'A powerful, flexible and efficient Bi-directional map implementation',
112 silly publish   main: 'lib/bimap.js',
112 silly publish   config: { blanket: { pattern: 'lib', 'data-cover-never': 'node_modules' } },
112 silly publish   repository: { type: 'git', url: 'https://github.com/alethes/bimap' },
112 silly publish   keywords: [ 'bidirectional', 'map', 'hash', 'bidimap', 'associative array' ],
112 silly publish   author: { name: 'James Daab', url: 'Alethes' },
112 silly publish   license: 'MIT',
112 silly publish   bugs: { url: 'https://github.com/alethes/bimap/issues' },
112 silly publish   homepage: 'https://github.com/alethes/bimap',
112 silly publish   devDependencies:
112 silly publish    { grunt: '~0.4.4',
112 silly publish      'grunt-contrib-coffee': '0.10.1',
112 silly publish      'grunt-contrib-watch': '^0.6.1',
112 silly publish      'grunt-coffee-jshint': '^0.2.0',
112 silly publish      'coffee-script': '^1.7.1',
112 silly publish      'grunt-mocha-cov': '^0.2.1' },
112 silly publish   readme: 'BiMap\n----------\n\nA powerful, flexible and efficient JavaScript bidirectional map implementation. Enables fast insertion, search and retrieval of various kinds of data. A *BiMap* is like a two-sided Javascript object with equally immediate access to both the *keys* and the *values*.\n\nBasic usage\n-------------\n```javascript\nvar bimap = new BiMap\nbimap.push("key", "value");\nconsole.log( bimap.key("key") ); // => "value"\nconsole.log( bimap.val("value") ); // => "key"\n```\n',
112 silly publish   readmeFilename: 'README.md',
112 silly publish   _id: 'bimap@0.0.1',
112 silly publish   dist: { shasum: 'd984bdb29d699273340b807ac3b1be528fc18e41' },
112 silly publish   _from: '.' }
113 verbose url raw bimap
114 verbose url resolving [ 'https://registry.npmjs.org/', './bimap' ]
115 verbose url resolved https://registry.npmjs.org/bimap
116 info trying registry request attempt 1 at 03:22:11
117 http PUT https://registry.npmjs.org/bimap
118 http 403 https://registry.npmjs.org/bimap
119 error publish Failed PUT 403
120 error Error: forbidden cannot modify pre-existing version: 0.0.1
120 error old={"name":"bimap","version":"0.0.1","description":"A powerful, flexible and efficient Bi-directional map implementation","main":"lib/bimap.js","config":{"blanket":{"pattern":"lib","data-cover-never":"node_modules"}},"repository":{"type":"git","url":"https://github.com/alethes/bimap"},"keywords":["bidirectional","map","hash","bidimap","associative array"],"author":{"name":"James Daab","url":"Alethes"},"license":"MIT","bugs":{"url":"https://github.com/alethes/bimap/issues"},"homepage":"https://github.com/alethes/bimap","devDependencies":{"grunt":"~0.4.4","grunt-contrib-coffee":"0.10.1","grunt-contrib-watch":"^0.6.1","grunt-coffee-jshint":"^0.2.0","coffee-script":"^1.7.1","grunt-mocha-cov":"^0.2.1"},"_id":"bimap@0.0.1","dist":{"shasum":"d984bdb29d699273340b807ac3b1be528fc18e41","tarball":"http://registry.npmjs.org/bimap/-/bimap-0.0.1.tgz"},"_from":".","_npmVersion":"1.4.3","_npmUser":{"name":"alethes","email":"alethesdev@icloud.com"},"maintainers":[{"name":"alethes","email":"alethesdev@icloud.com"}]}
120 error new={"name":"bimap","version":"0.0.1","description":"A powerful, flexible and efficient Bi-directional map implementation","main":"lib/bimap.js","config":{"blanket":{"pattern":"lib","data-cover-never":"node_modules"}},"repository":{"type":"git","url":"https://github.com/alethes/bimap"},"keywords":["bidirectional","map","hash","bidimap","associative array"],"author":{"name":"James Daab","url":"Alethes"},"license":"MIT","bugs":{"url":"https://github.com/alethes/bimap/issues"},"homepage":"https://github.com/alethes/bimap","devDependencies":{"grunt":"~0.4.4","grunt-contrib-coffee":"0.10.1","grunt-contrib-watch":"^0.6.1","grunt-coffee-jshint":"^0.2.0","coffee-script":"^1.7.1","grunt-mocha-cov":"^0.2.1"},"readme":"BiMap\u000a----------\u000a\u000aA powerful, flexible and efficient JavaScript bidirectional map implementation. Enables fast insertion, search and retrieval of various kinds of data. A *BiMap* is like a two-sided Javascript object with equally immediate access to both the *keys* and the *values*.\u000a\u000aBasic usage\u000a-------------\u000a```javascript\u000avar bimap = new BiMap\u000abimap.push(\"key\", \"value\");\u000aconsole.log( bimap.key(\"key\") ); // => \"value\"\u000aconsole.log( bimap.val(\"value\") ); // => \"key\"\u000a```\u000a","readmeFilename":"README.md","_id":"bimap@0.0.1","dist":{"shasum":"d984bdb29d699273340b807ac3b1be528fc18e41","tarball":"http://registry.npmjs.org/bimap/-/bimap-0.0.1.tgz"},"_from":".","_npmVersion":"1.4.3","_npmUser":{"name":"alethes","email":"alethesdev@icloud.com"},"maintainers":[{"name":"alethes","email":"alethesdev@icloud.com"}]}: bimap
120 error     at RegClient.<anonymous> (/usr/local/lib/node_modules/npm/node_modules/npm-registry-client/lib/request.js:237:14)
120 error     at Request.self.callback (/usr/local/lib/node_modules/npm/node_modules/request/request.js:123:22)
120 error     at Request.EventEmitter.emit (events.js:98:17)
120 error     at Request.<anonymous> (/usr/local/lib/node_modules/npm/node_modules/request/request.js:893:14)
120 error     at Request.EventEmitter.emit (events.js:117:20)
120 error     at IncomingMessage.<anonymous> (/usr/local/lib/node_modules/npm/node_modules/request/request.js:844:12)
120 error     at IncomingMessage.EventEmitter.emit (events.js:117:20)
120 error     at _stream_readable.js:920:16
120 error     at process._tickCallback (node.js:415:13)
121 error If you need help, you may report this *entire* log,
121 error including the npm and node versions, at:
121 error     <http://github.com/npm/npm/issues>
122 error System Linux 3.11.0-19-generic
123 error command "/usr/local/bin/node" "/usr/local/bin/npm" "publish" "."
124 error cwd /home/alethes/my/bimap
125 error node -v v0.10.26
126 error npm -v 1.4.3
127 verbose exit [ 1, true ]
